<?xml version="1.0" encoding="UTF-8"?>
<testsuite xmlns:xsi="http://www.w3.org/2001/XMLSchema-instance" xsi:noNamespaceSchemaLocation="https://maven.apache.org/surefire/maven-surefire-plugin/xsd/surefire-test-report-3.0.xsd" version="3.0" name="TestSuite" time="93.388" tests="4" errors="0" skipped="0" failures="0">
  <properties>
[...]
</properties>
  <testcase name="runScenario[&quot;Login with invalid credentials&quot;, &quot;Login to HRM Application&quot;](1)" classname="com.runner.runnerTestNG1" time="70.172">
    <system-out><![CDATA[
@InvalidCredentials
Scenario Outline: Login with invalid credentials                              # src/test/resources/features/LoginPage1.feature:21

@InvalidCredentials
Scenario Outline: Login with invalid credentials                              # src/test/resources/features/LoginPage1.feature:22

@ValidCredentials
Scenario: Login with valid credentials                                        # src/test/resources/features/LoginPage1.feature:7

@InvalidCredentials
Scenario Outline: Login with invalid credentials                              # src/test/resources/features/LoginPage1.feature:23
  Given User is on HRMLogin page "https://opensource-demo.orangehrmlive.com/" # com.definitions1.LoginPageDefinitions.loginTest(java.lang.String)
  Given User is on HRMLogin page "https://opensource-demo.orangehrmlive.com/" # com.definitions1.LoginPageDefinitions.loginTest(java.lang.String)
  Given User is on HRMLogin page "https://opensource-demo.orangehrmlive.com/" # com.definitions1.LoginPageDefinitions.loginTest(java.lang.String)
  When User enters username as "abc123" and password as "xyz$$"               # com.definitions1.LoginPageDefinitions.user_enters_username_as_and_password_as(java.lang.String,java.lang.String)
  Given User is on HRMLogin page "https://opensource-demo.orangehrmlive.com/" # com.definitions1.LoginPageDefinitions.loginTest(java.lang.String)
  When User enters username and password                                      # com.definitions1.LoginPageDefinitions.goToHomePage()
  When User enters username as "Admin" and password as "admin12$$"            # com.definitions1.LoginPageDefinitions.user_enters_username_as_and_password_as(java.lang.String,java.lang.String)
  When User enters username as "admin$$" and password as "admin123"           # com.definitions1.LoginPageDefinitions.user_enters_username_as_and_password_as(java.lang.String,java.lang.String)
Error Message :Invalid credentials
  Then User should be able to see error message "Invalid credentials"         # com.definitions1.LoginPageDefinitions.user_should_be_able_to_see_error_message(java.lang.String)
]]></system-out>
    <system-err><![CDATA[SLF4J(W): No SLF4J providers were found.
SLF4J(W): Defaulting to no-operation (NOP) logger implementation
SLF4J(W): See https://www.slf4j.org/codes.html#noProviders for further details.
May 12, 2026 12:03:41 PM org.openqa.selenium.devtools.CdpVersionFinder findNearestMatch
WARNING: Unable to find CDP implementation matching 147
May 12, 2026 12:03:41 PM org.openqa.selenium.devtools.CdpVersionFinder findNearestMatch
WARNING: Unable to find CDP implementation matching 147
May 12, 2026 12:03:41 PM org.openqa.selenium.chromium.ChromiumDriver lambda$new$4
WARNING: Unable to find version of CDP to use for 147.0.7727.139. You may need to include a dependency on a specific version of the CDP using something similar to `org.seleniumhq.selenium:selenium-devtools-v86:4.30.0` where the version ("v86") matches the version of the chromium-based browser you're using and the version number of the artifact is the same as Selenium's.
May 12, 2026 12:03:41 PM org.openqa.selenium.chromium.ChromiumDriver lambda$new$4
WARNING: Unable to find version of CDP to use for 147.0.7727.139. You may need to include a dependency on a specific version of the CDP using something similar to `org.seleniumhq.selenium:selenium-devtools-v86:4.30.0` where the version ("v86") matches the version of the chromium-based browser you're using and the version number of the artifact is the same as Selenium's.
May 12, 2026 12:03:41 PM org.openqa.selenium.devtools.CdpVersionFinder findNearestMatch
WARNING: Unable to find CDP implementation matching 147
May 12, 2026 12:03:41 PM org.openqa.selenium.chromium.ChromiumDriver lambda$new$4
WARNING: Unable to find version of CDP to use for 147.0.7727.139. You may need to include a dependency on a specific version of the CDP using something similar to `org.seleniumhq.selenium:selenium-devtools-v86:4.30.0` where the version ("v86") matches the version of the chromium-based browser you're using and the version number of the artifact is the same as Selenium's.
May 12, 2026 12:03:44 PM org.openqa.selenium.devtools.CdpVersionFinder findNearestMatch
WARNING: Unable to find CDP implementation matching 147
May 12, 2026 12:03:44 PM org.openqa.selenium.chromium.ChromiumDriver lambda$new$4
WARNING: Unable to find version of CDP to use for 147.0.7727.139. You may need to include a dependency on a specific version of the CDP using something similar to `org.seleniumhq.selenium:selenium-devtools-v86:4.30.0` where the version ("v86") matches the version of the chromium-based browser you're using and the version number of the artifact is the same as Selenium's.
]]></system-err>
  </testcase>
  <testcase name="runScenario[&quot;Login with invalid credentials&quot;, &quot;Login to HRM Application&quot;](2)" classname="com.runner.runnerTestNG1" time="71.39">
    <system-out><![CDATA[Error Message :Invalid credentials
  Then User should be able to see error message "Invalid credentials"         # com.definitions1.LoginPageDefinitions.user_should_be_able_to_see_error_message(java.lang.String)
]]></system-out>
  </testcase>
  <testcase name="runScenario[&quot;Login with invalid credentials&quot;, &quot;Login to HRM Application&quot;](3)" classname="com.runner.runnerTestNG1" time="79.216">
    <system-out><![CDATA[Error Message :Invalid credentials
  Then User should be able to see error message "Invalid credentials"         # com.definitions1.LoginPageDefinitions.user_should_be_able_to_see_error_message(java.lang.String)
]]></system-out>
  </testcase>
  <testcase name="runScenario[&quot;Login with valid credentials&quot;, &quot;Login to HRM Application&quot;](4)" classname="com.runner.runnerTestNG1" time="88.532">
    <system-out><![CDATA[  Then User should be able to login sucessfully                               # com.definitions1.LoginPageDefinitions.verifyLogin()
]]></system-out>
  </testcase>
</testsuite>