<?xml version="1.0" encoding="UTF-8"?>
<!-- Generated by org.testng.reporters.JUnitReportReporter -->
<testsuite hostname="SCLLP17" failures="0" tests="4" name="com.runner.runnerTestNG1" time="309.293" errors="0" timestamp="2026-05-12T12:05:04 IST" skipped="0">
  <testcase classname="com.runner.runnerTestNG1" name="runScenario" time="79.220"/>
  <testcase classname="com.runner.runnerTestNG1" name="runScenario" time="88.538"/>
  <testcase classname="com.runner.runnerTestNG1" name="runScenario" time="71.396"/>
  <testcase classname="com.runner.runnerTestNG1" name="runScenario" time="70.139"/>
</testsuite> <!-- com.runner.runnerTestNG1 -->
